# JRE version: Java(TM) SE Runtime Environment (19.0+36) (build 19+36-2238)
# Java VM: Java HotSpot(TM) 64-Bit Server VM (19+36-2238, mixed mode, emulated-client, sharing, tiered, compressed oops, compressed class ptrs, g1 gc, windows-amd64)
GC Precious Log:
 CardTable entry size: 512
 Card Set container configuration: InlinePtr #cards 5 size 8 Array Of Cards #cards 12 size 40 Howl #buckets 4 coarsen threshold 1843 Howl Bitmap #cards 512 size 80 coarsen threshold 460 Card regions per heap region 1 cards per card region 2048
 CPUs: 6 total, 6 available
 Memory: 8021M
 Large Page Support: Disabled
 NUMA Support: Disabled
 Compressed Oops: Enabled (32-bit)
 Heap Region Size: 1M
 Heap Min Capacity: 8M
 Heap Initial Capacity: 126M
 Heap Max Capacity: 2006M
 Pre-touch: Disabled
 Parallel Workers: 6
 Concurrent Workers: 2
 Concurrent Refinement Workers: 6
 Periodic GC: Disabled
Heap:
 garbage-first heap   total 66560K, used 38785K [0x0000000082a00000, 0x0000000100000000)
  region size 1024K, 19 young (19456K), 4 survivors (4096K)
 Metaspace       used 56284K, committed 56896K, reserved 1114112K
  class space    used 7603K, committed 7872K, reserved 1048576K
GC Heap History (20 events):
Event: 2.074 GC heap before
{Heap before GC invocations=2 (full 0):
 garbage-first heap   total 129024K, used 70210K [0x0000000082a00000, 0x0000000100000000)
  region size 1024K, 65 young (66560K), 4 survivors (4096K)
 Metaspace       used 21161K, committed 21504K, reserved 1114112K
  class space    used 2708K, committed 2880K, reserved 1048576K
}
Event: 2.079 GC heap after
{Heap after GC invocations=3 (full 0):
 garbage-first heap   total 129024K, used 13464K [0x0000000082a00000, 0x0000000100000000)
  region size 1024K, 7 young (7168K), 7 survivors (7168K)
 Metaspace       used 21161K, committed 21504K, reserved 1114112K
  class space    used 2708K, committed 2880K, reserved 1048576K
}
Event: 2.472 GC heap before
{Heap before GC invocations=4 (full 0):
 garbage-first heap   total 51200K, used 37016K [0x0000000082a00000, 0x0000000100000000)
  region size 1024K, 30 young (30720K), 7 survivors (7168K)
 Metaspace       used 24532K, committed 24896K, reserved 1114112K
  class space    used 3207K, committed 3392K, reserved 1048576K
}
Event: 2.478 GC heap after
{Heap after GC invocations=5 (full 0):
 garbage-first heap   total 51200K, used 15050K [0x0000000082a00000, 0x0000000100000000)
  region size 1024K, 2 young (2048K), 2 survivors (2048K)
 Metaspace       used 24532K, committed 24896K, reserved 1114112K
  class space    used 3207K, committed 3392K, reserved 1048576K
}
Event: 2.493 GC heap before
{Heap before GC invocations=5 (full 0):
 garbage-first heap   total 51200K, used 16074K [0x0000000082a00000, 0x0000000100000000)
  region size 1024K, 3 young (3072K), 2 survivors (2048K)
 Metaspace       used 24651K, committed 25088K, reserved 1114112K
  class space    used 3231K, committed 3392K, reserved 1048576K
}
Event: 2.495 GC heap after
{Heap after GC invocations=6 (full 0):
 garbage-first heap   total 51200K, used 15893K [0x0000000082a00000, 0x0000000100000000)
  region size 1024K, 1 young (1024K), 1 survivors (1024K)
 Metaspace       used 24651K, committed 25088K, reserved 1114112K
  class space    used 3231K, committed 3392K, reserved 1048576K
}
Event: 2.872 GC heap before
{Heap before GC invocations=6 (full 0):
 garbage-first heap   total 51200K, used 34325K [0x0000000082a00000, 0x0000000100000000)
  region size 1024K, 20 young (20480K), 1 survivors (1024K)
 Metaspace       used 28132K, committed 28544K, reserved 1114112K
  class space    used 3719K, committed 3904K, reserved 1048576K
}
Event: 2.874 GC heap after
{Heap after GC invocations=7 (full 0):
 garbage-first heap   total 66560K, used 17944K [0x0000000082a00000, 0x0000000100000000)
  region size 1024K, 3 young (3072K), 3 survivors (3072K)
 Metaspace       used 28132K, committed 28544K, reserved 1114112K
  class space    used 3719K, committed 3904K, reserved 1048576K
}
Event: 3.387 GC heap before
{Heap before GC invocations=7 (full 0):
 garbage-first heap   total 66560K, used 45592K [0x0000000082a00000, 0x0000000100000000)
  region size 1024K, 31 young (31744K), 3 survivors (3072K)
 Metaspace       used 34267K, committed 34752K, reserved 1114112K
  class space    used 4398K, committed 4608K, reserved 1048576K
}
Event: 3.390 GC heap after
{Heap after GC invocations=8 (full 0):
 garbage-first heap   total 66560K, used 19889K [0x0000000082a00000, 0x0000000100000000)
  region size 1024K, 2 young (2048K), 2 survivors (2048K)
 Metaspace       used 34267K, committed 34752K, reserved 1114112K
  class space    used 4398K, committed 4608K, reserved 1048576K
}
Event: 3.482 GC heap before
{Heap before GC invocations=8 (full 0):
 garbage-first heap   total 66560K, used 23985K [0x0000000082a00000, 0x0000000100000000)
  region size 1024K, 7 young (7168K), 2 survivors (2048K)
 Metaspace       used 35505K, committed 35968K, reserved 1114112K
  class space    used 4541K, committed 4736K, reserved 1048576K
}
Event: 3.484 GC heap after
{Heap after GC invocations=9 (full 0):
 garbage-first heap   total 66560K, used 20187K [0x0000000082a00000, 0x0000000100000000)
  region size 1024K, 3 young (3072K), 3 survivors (3072K)
 Metaspace       used 35505K, committed 35968K, reserved 1114112K
  class space    used 4541K, committed 4736K, reserved 1048576K
}
Event: 4.120 GC heap before
{Heap before GC invocations=10 (full 0):
 garbage-first heap   total 66560K, used 47835K [0x0000000082a00000, 0x0000000100000000)
  region size 1024K, 31 young (31744K), 3 survivors (3072K)
 Metaspace       used 43543K, committed 43968K, reserved 1114112K
  class space    used 5808K, committed 6016K, reserved 1048576K
}
Event: 4.123 GC heap after
{Heap after GC invocations=11 (full 0):
 garbage-first heap   total 66560K, used 21579K [0x0000000082a00000, 0x0000000100000000)
  region size 1024K, 2 young (2048K), 2 survivors (2048K)
 Metaspace       used 43543K, committed 43968K, reserved 1114112K
  class space    used 5808K, committed 6016K, reserved 1048576K
}
Event: 4.135 GC heap before
{Heap before GC invocations=11 (full 0):
 garbage-first heap   total 66560K, used 21579K [0x0000000082a00000, 0x0000000100000000)
  region size 1024K, 3 young (3072K), 2 survivors (2048K)
 Metaspace       used 43707K, committed 44160K, reserved 1114112K
  class space    used 5822K, committed 6016K, reserved 1048576K
}
Event: 4.137 GC heap after
{Heap after GC invocations=12 (full 0):
 garbage-first heap   total 66560K, used 21262K [0x0000000082a00000, 0x0000000100000000)
  region size 1024K, 1 young (1024K), 1 survivors (1024K)
 Metaspace       used 43707K, committed 44160K, reserved 1114112K
  class space    used 5822K, committed 6016K, reserved 1048576K
}
Event: 4.656 GC heap before
{Heap before GC invocations=12 (full 0):
 garbage-first heap   total 66560K, used 48910K [0x0000000082a00000, 0x0000000100000000)
  region size 1024K, 29 young (29696K), 1 survivors (1024K)
 Metaspace       used 50016K, committed 50560K, reserved 1114112K
  class space    used 6796K, committed 7040K, reserved 1048576K
}
Event: 4.659 GC heap after
{Heap after GC invocations=13 (full 0):
 garbage-first heap   total 66560K, used 22785K [0x0000000082a00000, 0x0000000100000000)
  region size 1024K, 2 young (2048K), 2 survivors (2048K)
 Metaspace       used 50016K, committed 50560K, reserved 1114112K
  class space    used 6796K, committed 7040K, reserved 1048576K
}
Event: 5.020 GC heap before
{Heap before GC invocations=13 (full 0):
 garbage-first heap   total 66560K, used 50433K [0x0000000082a00000, 0x0000000100000000)
  region size 1024K, 29 young (29696K), 2 survivors (2048K)
 Metaspace       used 53002K, committed 53568K, reserved 1114112K
  class space    used 7219K, committed 7488K, reserved 1048576K
}
Event: 5.024 GC heap after
{Heap after GC invocations=14 (full 0):
 garbage-first heap   total 66560K, used 25473K [0x0000000082a00000, 0x0000000100000000)
  region size 1024K, 4 young (4096K), 4 survivors (4096K)
 Metaspace       used 53002K, committed 53568K, reserved 1114112K
  class space    used 7219K, committed 7488K, reserved 1048576K
}

